2023-05-12 04:04:30,479 P181215 INFO Params: {
    "batch_norm": "False",
    "batch_size": "10000",
    "cold_dim": "10",
    "cold_tau": "0.008",
    "continuous_patience": "10",
    "data_format": "h5",
    "data_root": "../../../data/",
    "dataset_id": "Criteo_x4_h5",
    "debug_mode": "False",
    "early_stop_patience": "2",
    "embedding_dim": "20",
    "embedding_regularizer": "0.0001",
    "epochs": "100",
    "eval_steps": "None",
    "feature_cols": "[{'active': True, 'dtype': 'float', 'fill_na': 0, 'name': ['I1', 'I2', 'I3', 'I4', 'I5', 'I6', 'I7', 'I8', 'I9', 'I10', 'I11', 'I12', 'I13'], 'preprocess': 'convert_to_bucket', 'type': 'categorical'}, {'active': True, 'dtype': 'str', 'fill_na': '', 'name': ['C1', 'C2', 'C3', 'C4', 'C5', 'C6', 'C7', 'C8', 'C9', 'C10', 'C11', 'C12', 'C13', 'C14', 'C15', 'C16', 'C17', 'C18', 'C19', 'C20', 'C21', 'C22', 'C23', 'C24', 'C25', 'C26'], 'type': 'categorical'}]",
    "feature_config": "None",
    "feature_specs": "None",
    "fi_hidden_units": "[512, 512, 512]",
    "gnn_layers": "3",
    "gpu": "2",
    "group_id": "None",
    "hidden_activations": "leaky_relu",
    "label_col": "{'dtype': 'float', 'name': 'Label'}",
    "learning_rate": "0.0005",
    "loss": "binary_crossentropy",
    "metrics": "['logloss', 'AUC']",
    "min_categr_count": "2",
    "model": "AutoGIM_NFNAS",
    "model_id": "AutoGIM_NFNAS_003_1fbfc30c",
    "model_root": "./checkpoints/",
    "monitor": "{'AUC': 1, 'logloss': -1}",
    "monitor_mode": "max",
    "net_dropout": "0.2",
    "net_regularizer": "0",
    "num_workers": "4",
    "only_use_last_layer": "True",
    "optimizer": "adamw",
    "pickle_feature_encoder": "True",
    "save_best_only": "True",
    "seed": "2023",
    "shuffle": "True",
    "task": "binary_classification",
    "test_data": "../../../data/Criteo_x4_h5/test.h5",
    "train_data": "../../../data/Criteo_x4_h5/train.h5",
    "use_features": "None",
    "valid_data": "../../../data/Criteo_x4_h5/valid.h5",
    "verbose": "1",
    "w_hidden_units": "[1024, 1024]",
    "warm_dim": "10",
    "warm_tau": "1.05"
}
2023-05-12 04:04:30,480 P181215 INFO Load feature_map from json: ../../../data/Criteo_x4_h5/feature_map.json
2023-05-12 04:04:30,480 P181215 INFO Set column index...
2023-05-12 04:04:30,480 P181215 INFO Feature specs: {
    "C1": "{'source': '', 'type': 'categorical', 'padding_idx': 0, 'oov_idx': 1461, 'vocab_size': 1462}",
    "C10": "{'source': '', 'type': 'categorical', 'padding_idx': 0, 'oov_idx': 70514, 'vocab_size': 70515}",
    "C11": "{'source': '', 'type': 'categorical', 'padding_idx': 0, 'oov_idx': 5517, 'vocab_size': 5518}",
    "C12": "{'source': '', 'type': 'categorical', 'padding_idx': 0, 'oov_idx': 1224132, 'vocab_size': 1224133}",
    "C13": "{'source': '', 'type': 'categorical', 'padding_idx': 0, 'oov_idx': 3193, 'vocab_size': 3194}",
    "C14": "{'source': '', 'type': 'categorical', 'padding_idx': 0, 'oov_idx': 28, 'vocab_size': 29}",
    "C15": "{'source': '', 'type': 'categorical', 'padding_idx': 0, 'oov_idx': 13600, 'vocab_size': 13601}",
    "C16": "{'source': '', 'type': 'categorical', 'padding_idx': 0, 'oov_idx': 1004793, 'vocab_size': 1004794}",
    "C17": "{'source': '', 'type': 'categorical', 'padding_idx': 0, 'oov_idx': 11, 'vocab_size': 12}",
    "C18": "{'source': '', 'type': 'categorical', 'padding_idx': 0, 'oov_idx': 5230, 'vocab_size': 5231}",
    "C19": "{'source': '', 'type': 'categorical', 'padding_idx': 0, 'oov_idx': 2144, 'vocab_size': 2145}",
    "C2": "{'source': '', 'type': 'categorical', 'padding_idx': 0, 'oov_idx': 563, 'vocab_size': 564}",
    "C20": "{'source': '', 'type': 'categorical', 'padding_idx': 0, 'oov_idx': 4, 'vocab_size': 5}",
    "C21": "{'source': '', 'type': 'categorical', 'padding_idx': 0, 'oov_idx': 1162912, 'vocab_size': 1162913}",
    "C22": "{'source': '', 'type': 'categorical', 'padding_idx': 0, 'oov_idx': 18, 'vocab_size': 19}",
    "C23": "{'source': '', 'type': 'categorical', 'padding_idx': 0, 'oov_idx': 16, 'vocab_size': 17}",
    "C24": "{'source': '', 'type': 'categorical', 'padding_idx': 0, 'oov_idx': 141672, 'vocab_size': 141673}",
    "C25": "{'source': '', 'type': 'categorical', 'padding_idx': 0, 'oov_idx': 101, 'vocab_size': 102}",
    "C26": "{'source': '', 'type': 'categorical', 'padding_idx': 0, 'oov_idx': 92085, 'vocab_size': 92086}",
    "C3": "{'source': '', 'type': 'categorical', 'padding_idx': 0, 'oov_idx': 1244768, 'vocab_size': 1244769}",
    "C4": "{'source': '', 'type': 'categorical', 'padding_idx': 0, 'oov_idx': 562022, 'vocab_size': 562023}",
    "C5": "{'source': '', 'type': 'categorical', 'padding_idx': 0, 'oov_idx': 306, 'vocab_size': 307}",
    "C6": "{'source': '', 'type': 'categorical', 'padding_idx': 0, 'oov_idx': 22, 'vocab_size': 23}",
    "C7": "{'source': '', 'type': 'categorical', 'padding_idx': 0, 'oov_idx': 12368, 'vocab_size': 12369}",
    "C8": "{'source': '', 'type': 'categorical', 'padding_idx': 0, 'oov_idx': 634, 'vocab_size': 635}",
    "C9": "{'source': '', 'type': 'categorical', 'padding_idx': 0, 'oov_idx': 4, 'vocab_size': 5}",
    "I1": "{'source': '', 'type': 'categorical', 'padding_idx': 0, 'oov_idx': 53, 'vocab_size': 54}",
    "I10": "{'source': '', 'type': 'categorical', 'padding_idx': 0, 'oov_idx': 6, 'vocab_size': 7}",
    "I11": "{'source': '', 'type': 'categorical', 'padding_idx': 0, 'oov_idx': 26, 'vocab_size': 27}",
    "I12": "{'source': '', 'type': 'categorical', 'padding_idx': 0, 'oov_idx': 47, 'vocab_size': 48}",
    "I13": "{'source': '', 'type': 'categorical', 'padding_idx': 0, 'oov_idx': 76, 'vocab_size': 77}",
    "I2": "{'source': '', 'type': 'categorical', 'padding_idx': 0, 'oov_idx': 104, 'vocab_size': 105}",
    "I3": "{'source': '', 'type': 'categorical', 'padding_idx': 0, 'oov_idx': 123, 'vocab_size': 124}",
    "I4": "{'source': '', 'type': 'categorical', 'padding_idx': 0, 'oov_idx': 45, 'vocab_size': 46}",
    "I5": "{'source': '', 'type': 'categorical', 'padding_idx': 0, 'oov_idx': 220, 'vocab_size': 221}",
    "I6": "{'source': '', 'type': 'categorical', 'padding_idx': 0, 'oov_idx': 133, 'vocab_size': 134}",
    "I7": "{'source': '', 'type': 'categorical', 'padding_idx': 0, 'oov_idx': 90, 'vocab_size': 91}",
    "I8": "{'source': '', 'type': 'categorical', 'padding_idx': 0, 'oov_idx': 76, 'vocab_size': 77}",
    "I9": "{'source': '', 'type': 'categorical', 'padding_idx': 0, 'oov_idx': 96, 'vocab_size': 97}"
}
2023-05-12 04:04:37,322 P181215 INFO Total number of parameters: 142092621.
2023-05-12 04:04:37,322 P181215 INFO Loading data...
2023-05-12 04:04:37,322 P181215 INFO Loading data from h5: ../../../data/Criteo_x4_h5/train.h5
2023-05-12 04:05:17,809 P181215 INFO Train samples: total/36672493, blocks/1
2023-05-12 04:05:17,809 P181215 INFO Loading data from h5: ../../../data/Criteo_x4_h5/valid.h5
2023-05-12 04:05:21,608 P181215 INFO Validation samples: total/4584062, blocks/1
2023-05-12 04:05:21,609 P181215 INFO Loading train and validation data done.
2023-05-12 04:05:21,609 P181215 INFO Start training: 3668 batches/epoch
2023-05-12 04:05:21,609 P181215 INFO ************ Epoch=1 start ************
2023-05-12 04:21:15,461 P181215 INFO Train loss: 0.470615
2023-05-12 04:21:15,461 P181215 INFO Evaluation @epoch 1 - batch 3668: 
2023-05-12 04:22:19,382 P181215 INFO ===
2023-05-12 04:22:19,383 P181215 INFO [Metrics] AUC: 0.804649 - logloss: 0.446782
2023-05-12 04:22:19,391 P181215 INFO Save best model: monitor(max)=0.357868
2023-05-12 04:22:20,644 P181215 INFO ************ Epoch=1 end ************
2023-05-12 04:37:32,705 P181215 INFO Train loss: 0.464133
2023-05-12 04:37:32,705 P181215 INFO Evaluation @epoch 2 - batch 3668: 
2023-05-12 04:38:36,506 P181215 INFO ===
2023-05-12 04:38:36,506 P181215 INFO [Metrics] AUC: 0.806783 - logloss: 0.444955
2023-05-12 04:38:36,513 P181215 INFO Save best model: monitor(max)=0.361828
2023-05-12 04:38:37,937 P181215 INFO ************ Epoch=2 end ************
2023-05-12 04:53:48,412 P181215 INFO Train loss: 0.462295
2023-05-12 04:53:48,412 P181215 INFO Evaluation @epoch 3 - batch 3668: 
2023-05-12 04:54:50,345 P181215 INFO ===
2023-05-12 04:54:50,345 P181215 INFO [Metrics] AUC: 0.807881 - logloss: 0.444462
2023-05-12 04:54:50,353 P181215 INFO Save best model: monitor(max)=0.363419
2023-05-12 04:54:51,727 P181215 INFO ************ Epoch=3 end ************
2023-05-12 05:10:01,850 P181215 INFO Train loss: 0.461279
2023-05-12 05:10:01,850 P181215 INFO Evaluation @epoch 4 - batch 3668: 
2023-05-12 05:11:05,191 P181215 INFO ===
2023-05-12 05:11:05,191 P181215 INFO [Metrics] AUC: 0.808485 - logloss: 0.443000
2023-05-12 05:11:05,198 P181215 INFO Save best model: monitor(max)=0.365485
2023-05-12 05:11:06,602 P181215 INFO ************ Epoch=4 end ************
2023-05-12 05:26:20,790 P181215 INFO Train loss: 0.460611
2023-05-12 05:26:20,791 P181215 INFO Evaluation @epoch 5 - batch 3668: 
2023-05-12 05:27:23,704 P181215 INFO ===
2023-05-12 05:27:23,704 P181215 INFO [Metrics] AUC: 0.808933 - logloss: 0.442865
2023-05-12 05:27:23,711 P181215 INFO Save best model: monitor(max)=0.366068
2023-05-12 05:27:25,173 P181215 INFO ************ Epoch=5 end ************
2023-05-12 05:42:34,493 P181215 INFO Train loss: 0.460225
2023-05-12 05:42:34,494 P181215 INFO Evaluation @epoch 6 - batch 3668: 
2023-05-12 05:43:37,575 P181215 INFO ===
2023-05-12 05:43:37,575 P181215 INFO [Metrics] AUC: 0.809334 - logloss: 0.442287
2023-05-12 05:43:37,582 P181215 INFO Save best model: monitor(max)=0.367047
2023-05-12 05:43:38,941 P181215 INFO ************ Epoch=6 end ************
2023-05-12 05:58:47,801 P181215 INFO Train loss: 0.459917
2023-05-12 05:58:47,801 P181215 INFO Evaluation @epoch 7 - batch 3668: 
2023-05-12 05:59:51,442 P181215 INFO ===
2023-05-12 05:59:51,442 P181215 INFO [Metrics] AUC: 0.809486 - logloss: 0.442058
2023-05-12 05:59:51,449 P181215 INFO Save best model: monitor(max)=0.367428
2023-05-12 05:59:52,765 P181215 INFO ************ Epoch=7 end ************
2023-05-12 06:15:03,121 P181215 INFO Train loss: 0.459749
2023-05-12 06:15:03,121 P181215 INFO Evaluation @epoch 8 - batch 3668: 
2023-05-12 06:16:06,302 P181215 INFO ===
2023-05-12 06:16:06,302 P181215 INFO [Metrics] AUC: 0.809517 - logloss: 0.442122
2023-05-12 06:16:06,309 P181215 INFO Monitor(max)=0.367395 STOP!
2023-05-12 06:16:06,309 P181215 INFO Reduce learning rate on plateau: 0.000050
2023-05-12 06:16:06,703 P181215 INFO ************ Epoch=8 end ************
2023-05-12 06:31:13,587 P181215 INFO Train loss: 0.441932
2023-05-12 06:31:13,587 P181215 INFO Evaluation @epoch 9 - batch 3668: 
2023-05-12 06:32:15,879 P181215 INFO ===
2023-05-12 06:32:15,880 P181215 INFO [Metrics] AUC: 0.813473 - logloss: 0.438419
2023-05-12 06:32:15,886 P181215 INFO Save best model: monitor(max)=0.375054
2023-05-12 06:32:17,264 P181215 INFO ************ Epoch=9 end ************
2023-05-12 06:47:21,498 P181215 INFO Train loss: 0.436315
2023-05-12 06:47:21,498 P181215 INFO Evaluation @epoch 10 - batch 3668: 
2023-05-12 06:48:24,281 P181215 INFO ===
2023-05-12 06:48:24,282 P181215 INFO [Metrics] AUC: 0.813937 - logloss: 0.438076
2023-05-12 06:48:24,289 P181215 INFO Save best model: monitor(max)=0.375861
2023-05-12 06:48:25,677 P181215 INFO ************ Epoch=10 end ************
2023-05-12 07:03:32,822 P181215 INFO Train loss: 0.433634
2023-05-12 07:03:32,823 P181215 INFO Evaluation @epoch 11 - batch 3668: 
2023-05-12 07:04:35,582 P181215 INFO ===
2023-05-12 07:04:35,582 P181215 INFO [Metrics] AUC: 0.813816 - logloss: 0.438315
2023-05-12 07:04:35,590 P181215 INFO Monitor(max)=0.375502 STOP!
2023-05-12 07:04:35,590 P181215 INFO Reduce learning rate on plateau: 0.000005
2023-05-12 07:04:35,959 P181215 INFO ************ Epoch=11 end ************
2023-05-12 07:19:41,195 P181215 INFO Train loss: 0.424043
2023-05-12 07:19:41,195 P181215 INFO Evaluation @epoch 12 - batch 3668: 
2023-05-12 07:20:44,155 P181215 INFO ===
2023-05-12 07:20:44,155 P181215 INFO [Metrics] AUC: 0.812023 - logloss: 0.441050
2023-05-12 07:20:44,162 P181215 INFO Monitor(max)=0.370973 STOP!
2023-05-12 07:20:44,162 P181215 INFO Reduce learning rate on plateau: 0.000001
2023-05-12 07:20:44,162 P181215 INFO ********* Epoch==12 early stop *********
2023-05-12 07:20:44,536 P181215 INFO Training finished.
2023-05-12 07:20:44,537 P181215 INFO Load best model: /root/autodl-tmp/model_zoo/DNN_plus/DNN_torch/checkpoints/Criteo_x4_h5/DNN_20_GFA_6_003_1fbfc30c.model
2023-05-12 07:20:44,902 P181215 INFO ****** Validation evaluation ******
2023-05-12 07:21:47,721 P181215 INFO ===
2023-05-12 07:21:47,721 P181215 INFO [Metrics] logloss: 0.438072 - AUC: 0.813939
2023-05-12 07:21:48,255 P181215 INFO ******** Test evaluation ********
2023-05-12 07:21:48,256 P181215 INFO Loading data...
2023-05-12 07:21:48,256 P181215 INFO Loading data from h5: ../../../data/Criteo_x4_h5/test.h5
2023-05-12 07:21:51,864 P181215 INFO Test samples: total/4584062, blocks/1
2023-05-12 07:21:51,864 P181215 INFO Loading test data done.
2023-05-12 07:22:54,188 P181215 INFO ===
2023-05-12 07:22:54,188 P181215 INFO [Metrics] logloss: 0.437733 - AUC: 0.814324
