2023-04-20 23:29:35,024 P6945 INFO Params: {
    "batch_norm": "False",
    "batch_size": "10000",
    "data_format": "h5",
    "data_root": "../../../data/",
    "dataset_id": "Avazu_x4_h5",
    "debug_mode": "False",
    "early_stop_patience": "2",
    "embedding_dim": "20",
    "embedding_regularizer": "1e-08",
    "epochs": "100",
    "eval_steps": "None",
    "feature_cols": "[{'active': False, 'dtype': 'str', 'name': 'id', 'type': 'categorical'}, {'active': True, 'dtype': 'str', 'name': 'hour', 'preprocess': 'convert_hour', 'type': 'categorical'}, {'active': True, 'dtype': 'str', 'name': ['C1', 'banner_pos', 'site_id', 'site_domain', 'site_category', 'app_id', 'app_domain', 'app_category', 'device_id', 'device_ip', 'device_model', 'device_type', 'device_conn_type', 'C14', 'C15', 'C16', 'C17', 'C18', 'C19', 'C20', 'C21'], 'type': 'categorical'}, {'active': True, 'dtype': 'str', 'name': 'weekday', 'preprocess': 'convert_weekday', 'type': 'categorical'}, {'active': True, 'dtype': 'str', 'name': 'weekend', 'preprocess': 'convert_weekend', 'type': 'categorical'}]",
    "feature_config": "None",
    "feature_specs": "None",
    "gpu": "0",
    "group_id": "None",
    "hidden_activations": "leaky_relu",
    "hidden_units": "[512, 512, 512]",
    "label_col": "{'dtype': 'float', 'name': 'click'}",
    "learning_rate": "0.001",
    "loss": "binary_crossentropy",
    "metrics": "['logloss', 'AUC']",
    "min_categr_count": "2",
    "model": "EP_DNN",
    "model_id": "EP_DNN",
    "model_root": "./checkpoints/",
    "monitor": "{'AUC': 1, 'logloss': -1}",
    "monitor_mode": "max",
    "net_dropout": "0",
    "net_regularizer": "0",
    "num_workers": "3",
    "optimizer": "adam",
    "pickle_feature_encoder": "True",
    "save_best_only": "True",
    "seed": "2019",
    "shuffle": "True",
    "task": "binary_classification",
    "test_data": "../../../data/Avazu_x4_h5/test.h5",
    "train_data": "../../../data/Avazu_x4_h5/train.h5",
    "use_features": "None",
    "valid_data": "../../../data/Avazu_x4_h5/valid.h5",
    "verbose": "1"
}
2023-04-20 23:29:35,025 P6945 INFO Load feature_map from json: ../../../data/Avazu_x4_h5/feature_map.json
2023-04-20 23:29:35,025 P6945 INFO Set column index...
2023-04-20 23:29:35,025 P6945 INFO Feature specs: {
    "C1": "{'source': '', 'type': 'categorical', 'padding_idx': 0, 'oov_idx': 8, 'vocab_size': 9}",
    "C14": "{'source': '', 'type': 'categorical', 'padding_idx': 0, 'oov_idx': 2555, 'vocab_size': 2556}",
    "C15": "{'source': '', 'type': 'categorical', 'padding_idx': 0, 'oov_idx': 9, 'vocab_size': 10}",
    "C16": "{'source': '', 'type': 'categorical', 'padding_idx': 0, 'oov_idx': 10, 'vocab_size': 11}",
    "C17": "{'source': '', 'type': 'categorical', 'padding_idx': 0, 'oov_idx': 433, 'vocab_size': 434}",
    "C18": "{'source': '', 'type': 'categorical', 'padding_idx': 0, 'oov_idx': 5, 'vocab_size': 6}",
    "C19": "{'source': '', 'type': 'categorical', 'padding_idx': 0, 'oov_idx': 69, 'vocab_size': 70}",
    "C20": "{'source': '', 'type': 'categorical', 'padding_idx': 0, 'oov_idx': 172, 'vocab_size': 173}",
    "C21": "{'source': '', 'type': 'categorical', 'padding_idx': 0, 'oov_idx': 61, 'vocab_size': 62}",
    "app_category": "{'source': '', 'type': 'categorical', 'padding_idx': 0, 'oov_idx': 32, 'vocab_size': 33}",
    "app_domain": "{'source': '', 'type': 'categorical', 'padding_idx': 0, 'oov_idx': 399, 'vocab_size': 400}",
    "app_id": "{'source': '', 'type': 'categorical', 'padding_idx': 0, 'oov_idx': 6544, 'vocab_size': 6545}",
    "banner_pos": "{'source': '', 'type': 'categorical', 'padding_idx': 0, 'oov_idx': 8, 'vocab_size': 9}",
    "device_conn_type": "{'source': '', 'type': 'categorical', 'padding_idx': 0, 'oov_idx': 5, 'vocab_size': 6}",
    "device_id": "{'source': '', 'type': 'categorical', 'padding_idx': 0, 'oov_idx': 820508, 'vocab_size': 820509}",
    "device_ip": "{'source': '', 'type': 'categorical', 'padding_idx': 0, 'oov_idx': 2903321, 'vocab_size': 2903322}",
    "device_model": "{'source': '', 'type': 'categorical', 'padding_idx': 0, 'oov_idx': 7258, 'vocab_size': 7259}",
    "device_type": "{'source': '', 'type': 'categorical', 'padding_idx': 0, 'oov_idx': 6, 'vocab_size': 7}",
    "hour": "{'source': '', 'type': 'categorical', 'padding_idx': 0, 'oov_idx': 25, 'vocab_size': 26}",
    "site_category": "{'source': '', 'type': 'categorical', 'padding_idx': 0, 'oov_idx': 26, 'vocab_size': 27}",
    "site_domain": "{'source': '', 'type': 'categorical', 'padding_idx': 0, 'oov_idx': 5460, 'vocab_size': 5461}",
    "site_id": "{'source': '', 'type': 'categorical', 'padding_idx': 0, 'oov_idx': 4050, 'vocab_size': 4051}",
    "weekday": "{'source': '', 'type': 'categorical', 'padding_idx': 0, 'oov_idx': 8, 'vocab_size': 9}",
    "weekend": "{'source': '', 'type': 'categorical', 'padding_idx': 0, 'oov_idx': 3, 'vocab_size': 4}"
}
2023-04-20 23:29:38,157 P6945 INFO Total number of parameters: 78618317.
2023-04-20 23:29:38,158 P6945 INFO Loading data...
2023-04-20 23:29:38,158 P6945 INFO Loading data from h5: ../../../data/Avazu_x4_h5/train.h5
2023-04-20 23:29:56,375 P6945 INFO Train samples: total/32343172, blocks/1
2023-04-20 23:29:56,375 P6945 INFO Loading data from h5: ../../../data/Avazu_x4_h5/valid.h5
2023-04-20 23:29:57,181 P6945 INFO Validation samples: total/4042897, blocks/1
2023-04-20 23:29:57,181 P6945 INFO Loading train and validation data done.
2023-04-20 23:29:57,181 P6945 INFO Start training: 3235 batches/epoch
2023-04-20 23:29:57,181 P6945 INFO ************ Epoch=1 start ************
2023-04-20 23:32:18,749 P6945 INFO Train loss: 0.380516
2023-04-20 23:32:18,749 P6945 INFO Evaluation @epoch 1 - batch 3235: 
2023-04-20 23:32:28,003 P6945 INFO [Metrics] AUC: 0.795402 - logloss: 0.370442
2023-04-20 23:32:28,009 P6945 INFO Save best model: monitor(max)=0.424960
2023-04-20 23:32:28,535 P6945 INFO ************ Epoch=1 end ************
2023-04-20 23:34:50,198 P6945 INFO Train loss: 0.329740
2023-04-20 23:34:50,199 P6945 INFO Evaluation @epoch 2 - batch 3235: 
2023-04-20 23:34:59,621 P6945 INFO [Metrics] AUC: 0.790506 - logloss: 0.377718
2023-04-20 23:34:59,628 P6945 INFO Monitor(max)=0.412788 STOP!
2023-04-20 23:34:59,628 P6945 INFO Reduce learning rate on plateau: 0.000100
2023-04-20 23:34:59,714 P6945 INFO ************ Epoch=2 end ************
2023-04-20 23:37:22,752 P6945 INFO Train loss: 0.282818
2023-04-20 23:37:22,752 P6945 INFO Evaluation @epoch 3 - batch 3235: 
2023-04-20 23:37:32,217 P6945 INFO [Metrics] AUC: 0.775123 - logloss: 0.429207
2023-04-20 23:37:32,225 P6945 INFO Monitor(max)=0.345916 STOP!
2023-04-20 23:37:32,226 P6945 INFO Reduce learning rate on plateau: 0.000010
2023-04-20 23:37:32,226 P6945 INFO ********* Epoch==3 early stop *********
2023-04-20 23:37:32,308 P6945 INFO Training finished.
2023-04-20 23:37:32,308 P6945 INFO Load best model: /root/autodl-tmp/model_zoo/DNN_EP/DNN_torch/checkpoints/Avazu_x4_h5/DNN_20_EP.model
2023-04-20 23:37:32,507 P6945 INFO ****** Validation evaluation ******
2023-04-20 23:37:41,909 P6945 INFO [Metrics] logloss: 0.370442 - AUC: 0.795402
2023-04-20 23:37:41,982 P6945 INFO ******** Test evaluation ********
2023-04-20 23:37:41,983 P6945 INFO Loading data...
2023-04-20 23:37:41,983 P6945 INFO Loading data from h5: ../../../data/Avazu_x4_h5/test.h5
2023-04-20 23:37:42,789 P6945 INFO Test samples: total/4042898, blocks/1
2023-04-20 23:37:42,789 P6945 INFO Loading test data done.
2023-04-20 23:37:52,138 P6945 INFO [Metrics] logloss: 0.370488 - AUC: 0.795332
